2026/01/13 12:25:19 wazuh-csyslogd: INFO: Remote syslog server not configured. Clean exit.
2026/01/13 12:25:19 wazuh-dbd: INFO: Database not configured. Clean exit.
2026/01/13 12:25:19 wazuh-integratord: INFO: Remote integrations not configured. Clean exit.
2026/01/13 12:25:19 wazuh-agentlessd: INFO: Not configured. Exiting.
2026/01/13 12:25:19 wazuh-authd: INFO: Started (pid: 460).
2026/01/13 12:25:19 wazuh-authd: INFO: Accepting connections on port 1515. No password required.
2026/01/13 12:25:19 wazuh-authd: INFO: Setting network timeout to 1.000000 sec.
2026/01/13 12:25:20 wazuh-db: INFO: Started (pid: 478).
2026/01/13 12:25:20 wazuh-db: INFO: Created Global database backup "backup/db/global.db-backup-2026-01-13-12:25:20.gz"
2026/01/13 12:25:21 wazuh-execd: INFO: Started (pid: 504).
2026/01/13 12:25:23 wazuh-analysisd: INFO: Total rules enabled: '6775'
2026/01/13 12:25:23 wazuh-analysisd: INFO: Started (pid: 518).
2026/01/13 12:25:23 wazuh-analysisd: CRITICAL: (1107): Could not create directory 'logs/archives/2026/' due to [(2)-(No such file or directory)].
2026/01/13 12:27:35 wazuh-db: INFO: (1225): SIGNAL [(1)-(Hangup)] Received. Exit Cleaning...
2026/01/13 12:27:35 wazuh-db: INFO: (1225): SIGNAL [(15)-(Terminated)] Received. Exit Cleaning...
2026/01/13 12:27:35 wazuh-execd: INFO: (1314): Shutdown received. Deleting responses.
2026/01/13 12:27:35 wazuh-execd: INFO: (1225): SIGNAL [(15)-(Terminated)] Received. Exit Cleaning...
2026/01/13 12:27:35 wazuh-authd: INFO: (1225): SIGNAL [(15)-(Terminated)] Received. Exit Cleaning...
2026/01/13 12:27:35 wazuh-authd: INFO: (1225): SIGNAL [(1)-(Hangup)] Received. Exit Cleaning...
2026/01/13 12:27:35 wazuh-authd: INFO: Exiting...
2026/01/13 12:27:46 wazuh-csyslogd: INFO: Remote syslog server not configured. Clean exit.
2026/01/13 12:27:46 wazuh-dbd: INFO: Database not configured. Clean exit.
2026/01/13 12:27:46 wazuh-integratord: INFO: Remote integrations not configured. Clean exit.
2026/01/13 12:27:46 wazuh-agentlessd: INFO: Not configured. Exiting.
2026/01/13 12:27:46 wazuh-authd: INFO: Started (pid: 375).
2026/01/13 12:27:46 wazuh-authd: INFO: Accepting connections on port 1515. No password required.
2026/01/13 12:27:46 wazuh-authd: INFO: Setting network timeout to 1.000000 sec.
2026/01/13 12:27:47 wazuh-db: INFO: Started (pid: 393).
2026/01/13 12:27:48 wazuh-execd: INFO: Started (pid: 418).
2026/01/13 12:27:50 wazuh-analysisd: INFO: Total rules enabled: '6775'
2026/01/13 12:27:50 wazuh-analysisd: INFO: Started (pid: 433).
2026/01/13 12:27:50 wazuh-analysisd: CRITICAL: (1107): Could not create directory 'logs/archives/2026/' due to [(2)-(No such file or directory)].
2026/01/13 12:34:55 wazuh-authd: INFO: (1225): SIGNAL [(15)-(Terminated)] Received. Exit Cleaning...
2026/01/13 12:34:55 wazuh-execd: INFO: (1314): Shutdown received. Deleting responses.
2026/01/13 12:34:55 wazuh-authd: INFO: (1225): SIGNAL [(1)-(Hangup)] Received. Exit Cleaning...
2026/01/13 12:34:55 wazuh-execd: INFO: (1225): SIGNAL [(15)-(Terminated)] Received. Exit Cleaning...
2026/01/13 12:34:55 wazuh-db: INFO: (1225): SIGNAL [(15)-(Terminated)] Received. Exit Cleaning...
2026/01/13 12:34:55 wazuh-db: INFO: (1225): SIGNAL [(1)-(Hangup)] Received. Exit Cleaning...
2026/01/13 12:34:56 wazuh-authd: INFO: Exiting...
2026/01/13 12:35:15 wazuh-csyslogd: INFO: Remote syslog server not configured. Clean exit.
2026/01/13 12:35:15 wazuh-dbd: INFO: Database not configured. Clean exit.
2026/01/13 12:35:15 wazuh-integratord: INFO: Remote integrations not configured. Clean exit.
2026/01/13 12:35:15 wazuh-agentlessd: INFO: Not configured. Exiting.
2026/01/13 12:35:15 wazuh-authd: INFO: Started (pid: 379).
2026/01/13 12:35:15 wazuh-authd: INFO: Accepting connections on port 1515. No password required.
2026/01/13 12:35:15 wazuh-authd: INFO: Setting network timeout to 1.000000 sec.
2026/01/13 12:35:16 wazuh-db: INFO: Started (pid: 394).
2026/01/13 12:35:17 wazuh-execd: INFO: Started (pid: 419).
2026/01/13 12:35:19 wazuh-analysisd: INFO: Total rules enabled: '6775'
2026/01/13 12:35:19 wazuh-analysisd: INFO: Started (pid: 434).
2026/01/13 12:35:19 wazuh-analysisd: CRITICAL: (1107): Could not create directory 'logs/archives/2026/' due to [(2)-(No such file or directory)].
2026/01/13 12:41:17 wazuh-authd: INFO: Started (pid: 558).
2026/01/13 12:41:17 wazuh-authd: ERROR: (1206): Unable to Bind port '1515' due to [(98)-(Address already in use)]
2026/01/13 12:46:05 wazuh-csyslogd: INFO: Remote syslog server not configured. Clean exit.
2026/01/13 12:46:05 wazuh-dbd: INFO: Database not configured. Clean exit.
2026/01/13 12:46:05 wazuh-integratord: INFO: Remote integrations not configured. Clean exit.
2026/01/13 12:46:05 wazuh-agentlessd: INFO: Not configured. Exiting.
2026/01/13 12:46:05 wazuh-syscheckd: INFO: Started (pid: 718).
2026/01/13 12:46:05 wazuh-syscheckd: INFO: (6003): Monitoring path: '/bin', with options 'size | permissions | owner | group | mtime | inode | hash_md5 | hash_sha1 | hash_sha256 | scheduled'.
2026/01/13 12:46:05 wazuh-syscheckd: INFO: (6003): Monitoring path: '/boot', with options 'size | permissions | owner | group | mtime | inode | hash_md5 | hash_sha1 | hash_sha256 | scheduled'.
2026/01/13 12:46:05 wazuh-syscheckd: INFO: (6003): Monitoring path: '/etc', with options 'size | permissions | owner | group | mtime | inode | hash_md5 | hash_sha1 | hash_sha256 | scheduled'.
2026/01/13 12:46:05 wazuh-syscheckd: INFO: (6003): Monitoring path: '/sbin', with options 'size | permissions | owner | group | mtime | inode | hash_md5 | hash_sha1 | hash_sha256 | scheduled'.
2026/01/13 12:46:05 wazuh-syscheckd: INFO: (6003): Monitoring path: '/usr/bin', with options 'size | permissions | owner | group | mtime | inode | hash_md5 | hash_sha1 | hash_sha256 | scheduled'.
2026/01/13 12:46:05 wazuh-syscheckd: INFO: (6003): Monitoring path: '/usr/sbin', with options 'size | permissions | owner | group | mtime | inode | hash_md5 | hash_sha1 | hash_sha256 | scheduled'.
2026/01/13 12:46:05 wazuh-syscheckd: INFO: (6206): Ignore 'file' entry '/etc/mtab'
2026/01/13 12:46:05 wazuh-syscheckd: INFO: (6206): Ignore 'file' entry '/etc/hosts.deny'
2026/01/13 12:46:05 wazuh-syscheckd: INFO: (6206): Ignore 'file' entry '/etc/mail/statistics'
2026/01/13 12:46:05 wazuh-syscheckd: INFO: (6206): Ignore 'file' entry '/etc/random-seed'
2026/01/13 12:46:05 wazuh-syscheckd: INFO: (6206): Ignore 'file' entry '/etc/random.seed'
2026/01/13 12:46:05 wazuh-syscheckd: INFO: (6206): Ignore 'file' entry '/etc/adjtime'
2026/01/13 12:46:05 wazuh-syscheckd: INFO: (6206): Ignore 'file' entry '/etc/httpd/logs'
2026/01/13 12:46:05 wazuh-syscheckd: INFO: (6206): Ignore 'file' entry '/etc/utmpx'
2026/01/13 12:46:05 wazuh-syscheckd: INFO: (6206): Ignore 'file' entry '/etc/wtmpx'
2026/01/13 12:46:05 wazuh-syscheckd: INFO: (6206): Ignore 'file' entry '/etc/cups/certs'
2026/01/13 12:46:05 wazuh-syscheckd: INFO: (6206): Ignore 'file' entry '/etc/dumpdates'
2026/01/13 12:46:05 wazuh-syscheckd: INFO: (6206): Ignore 'file' entry '/etc/svc/volatile'
2026/01/13 12:46:05 wazuh-syscheckd: INFO: (6207): Ignore 'file' sregex '.log$|.swp$'
2026/01/13 12:46:05 wazuh-syscheckd: INFO: (6004): No diff for file: '/etc/ssl/private.key'
2026/01/13 12:46:05 wazuh-syscheckd: INFO: (6000): Starting daemon...
2026/01/13 12:46:05 wazuh-syscheckd: INFO: (6010): File integrity monitoring scan frequency: 43200 seconds
2026/01/13 12:46:05 wazuh-syscheckd: INFO: (6008): File integrity monitoring scan started.
2026/01/13 12:46:05 rootcheck: INFO: Starting rootcheck scan.
2026/01/13 12:46:06 wazuh-syscheckd: INFO: (6009): File integrity monitoring scan ended.
2026/01/13 12:46:06 wazuh-syscheckd: INFO: FIM sync module started.
2026/01/13 12:46:06 wazuh-analysisd: INFO: Total rules enabled: '6775'
2026/01/13 12:46:06 wazuh-analysisd: INFO: Started (pid: 708).
2026/01/13 12:46:06 wazuh-analysisd: CRITICAL: (1107): Could not create directory 'logs/archives/2026/' due to [(2)-(No such file or directory)].
2026/01/13 12:46:06 wazuh-remoted: INFO: Started (pid: 747). Listening on port 1514/TCP (secure).
2026/01/13 12:46:07 wazuh-monitord: INFO: Started (pid: 827).
2026/01/13 12:46:08 wazuh-modulesd: INFO: Started (pid: 876).
2026/01/13 12:46:08 wazuh-modulesd:agent-upgrade: INFO: (8153): Module Agent Upgrade started.
2026/01/13 12:46:08 wazuh-modulesd:ciscat: INFO: Module disabled. Exiting...
2026/01/13 12:46:08 wazuh-modulesd:osquery: INFO: Module disabled. Exiting...
2026/01/13 12:46:08 wazuh-modulesd:database: INFO: Module started.
2026/01/13 12:46:08 wazuh-modulesd:download: INFO: Module started.
2026/01/13 12:46:08 sca: INFO: Module started.
2026/01/13 12:46:08 sca: INFO: Loaded policy '/var/ossec/ruleset/sca/cis_ubuntu20-04.yml'
2026/01/13 12:46:08 wazuh-modulesd:task-manager: INFO: (8200): Module Task Manager started.
2026/01/13 12:46:08 wazuh-modulesd:control: INFO: Starting control thread.
2026/01/13 12:46:18 wazuh-syscheckd: ERROR: socketerr (not available).
2026/01/13 12:46:18 rootcheck: ERROR: (1224): Error sending message to queue.
2026/01/13 12:51:06 wazuh-syscheckd: ERROR: socketerr (not available).
2026/01/13 12:51:06 wazuh-syscheckd: ERROR: (1224): Error sending message to queue.
2026/01/13 12:52:09 wazuh-csyslogd: INFO: Remote syslog server not configured. Clean exit.
2026/01/13 12:52:09 wazuh-dbd: INFO: Database not configured. Clean exit.
2026/01/13 12:52:09 wazuh-integratord: INFO: Remote integrations not configured. Clean exit.
2026/01/13 12:52:09 wazuh-agentlessd: INFO: Not configured. Exiting.
2026/01/13 12:52:10 wazuh-analysisd: INFO: Total rules enabled: '6775'
2026/01/13 12:52:10 wazuh-analysisd: INFO: Started (pid: 1147).
2026/01/13 12:52:10 wazuh-analysisd: CRITICAL: (1107): Could not create directory 'logs/alerts/2026/' due to [(2)-(No such file or directory)].
2026/01/13 12:53:26 wazuh-csyslogd: INFO: Remote syslog server not configured. Clean exit.
2026/01/13 12:53:26 wazuh-dbd: INFO: Database not configured. Clean exit.
2026/01/13 12:53:26 wazuh-integratord: INFO: Remote integrations not configured. Clean exit.
2026/01/13 12:53:26 wazuh-agentlessd: INFO: Not configured. Exiting.
2026/01/13 12:53:27 wazuh-analysisd: INFO: Total rules enabled: '6775'
2026/01/13 12:53:27 wazuh-analysisd: INFO: Started (pid: 1362).
2026/01/13 12:53:27 wazuh-analysisd: CRITICAL: (1107): Could not create directory 'logs/alerts/2026/' due to [(2)-(No such file or directory)].
2026/01/13 12:56:01 wazuh-db: INFO: (1225): SIGNAL [(1)-(Hangup)] Received. Exit Cleaning...
2026/01/13 12:56:01 wazuh-execd: INFO: (1314): Shutdown received. Deleting responses.
2026/01/13 12:56:01 wazuh-execd: INFO: (1225): SIGNAL [(15)-(Terminated)] Received. Exit Cleaning...
2026/01/13 12:56:01 wazuh-db: INFO: (1225): SIGNAL [(15)-(Terminated)] Received. Exit Cleaning...
2026/01/13 12:56:01 wazuh-authd: INFO: (1225): SIGNAL [(15)-(Terminated)] Received. Exit Cleaning...
2026/01/13 12:56:01 wazuh-authd: INFO: (1225): SIGNAL [(1)-(Hangup)] Received. Exit Cleaning...
2026/01/13 12:56:01 wazuh-logcollector: INFO: (1225): SIGNAL [(15)-(Terminated)] Received. Exit Cleaning...
2026/01/13 12:56:01 wazuh-monitord: INFO: (1225): SIGNAL [(15)-(Terminated)] Received. Exit Cleaning...
2026/01/13 12:56:01 wazuh-syscheckd: INFO: (1756): Shutdown received. Releasing resources.
2026/01/13 12:56:01 wazuh-remoted: INFO: (1225): SIGNAL [(15)-(Terminated)] Received. Exit Cleaning...
2026/01/13 12:56:01 wazuh-authd: INFO: Exiting...
2026/01/13 13:07:21 wazuh-csyslogd: INFO: Remote syslog server not configured. Clean exit.
2026/01/13 13:07:21 wazuh-dbd: INFO: Database not configured. Clean exit.
2026/01/13 13:07:21 wazuh-integratord: INFO: Remote integrations not configured. Clean exit.
2026/01/13 13:07:21 wazuh-agentlessd: INFO: Not configured. Exiting.
2026/01/13 13:07:21 wazuh-authd: INFO: Started (pid: 461).
2026/01/13 13:07:21 wazuh-authd: INFO: Accepting connections on port 1515. No password required.
2026/01/13 13:07:21 wazuh-authd: INFO: Setting network timeout to 1.000000 sec.
2026/01/13 13:07:22 wazuh-db: INFO: Started (pid: 479).
2026/01/13 13:07:22 wazuh-db: INFO: Created Global database backup "backup/db/global.db-backup-2026-01-13-13:07:22.gz"
2026/01/13 13:07:23 wazuh-execd: INFO: Started (pid: 504).
2026/01/13 13:07:25 wazuh-analysisd: INFO: Total rules enabled: '6775'
2026/01/13 13:07:25 wazuh-analysisd: INFO: Started (pid: 519).
2026/01/13 13:07:25 wazuh-syscheckd: INFO: Started (pid: 532).
2026/01/13 13:07:25 wazuh-syscheckd: INFO: (6003): Monitoring path: '/bin', with options 'size | permissions | owner | group | mtime | inode | hash_md5 | hash_sha1 | hash_sha256 | scheduled'.
2026/01/13 13:07:25 wazuh-syscheckd: INFO: (6003): Monitoring path: '/boot', with options 'size | permissions | owner | group | mtime | inode | hash_md5 | hash_sha1 | hash_sha256 | scheduled'.
2026/01/13 13:07:25 wazuh-syscheckd: INFO: (6003): Monitoring path: '/etc', with options 'size | permissions | owner | group | mtime | inode | hash_md5 | hash_sha1 | hash_sha256 | scheduled'.
2026/01/13 13:07:25 wazuh-syscheckd: INFO: (6003): Monitoring path: '/sbin', with options 'size | permissions | owner | group | mtime | inode | hash_md5 | hash_sha1 | hash_sha256 | scheduled'.
2026/01/13 13:07:25 wazuh-syscheckd: INFO: (6003): Monitoring path: '/usr/bin', with options 'size | permissions | owner | group | mtime | inode | hash_md5 | hash_sha1 | hash_sha256 | scheduled'.
2026/01/13 13:07:25 wazuh-syscheckd: INFO: (6003): Monitoring path: '/usr/sbin', with options 'size | permissions | owner | group | mtime | inode | hash_md5 | hash_sha1 | hash_sha256 | scheduled'.
2026/01/13 13:07:25 wazuh-syscheckd: INFO: (6206): Ignore 'file' entry '/etc/mtab'
2026/01/13 13:07:25 wazuh-syscheckd: INFO: (6206): Ignore 'file' entry '/etc/hosts.deny'
2026/01/13 13:07:25 wazuh-syscheckd: INFO: (6206): Ignore 'file' entry '/etc/mail/statistics'
2026/01/13 13:07:25 wazuh-syscheckd: INFO: (6206): Ignore 'file' entry '/etc/random-seed'
2026/01/13 13:07:25 wazuh-syscheckd: INFO: (6206): Ignore 'file' entry '/etc/random.seed'
2026/01/13 13:07:25 wazuh-syscheckd: INFO: (6206): Ignore 'file' entry '/etc/adjtime'
2026/01/13 13:07:25 wazuh-syscheckd: INFO: (6206): Ignore 'file' entry '/etc/httpd/logs'
2026/01/13 13:07:25 wazuh-syscheckd: INFO: (6206): Ignore 'file' entry '/etc/utmpx'
2026/01/13 13:07:25 wazuh-syscheckd: INFO: (6206): Ignore 'file' entry '/etc/wtmpx'
2026/01/13 13:07:25 wazuh-syscheckd: INFO: (6206): Ignore 'file' entry '/etc/cups/certs'
2026/01/13 13:07:25 wazuh-syscheckd: INFO: (6206): Ignore 'file' entry '/etc/dumpdates'
2026/01/13 13:07:25 wazuh-syscheckd: INFO: (6206): Ignore 'file' entry '/etc/svc/volatile'
2026/01/13 13:07:25 wazuh-syscheckd: INFO: (6207): Ignore 'file' sregex '.log$|.swp$'
2026/01/13 13:07:25 wazuh-syscheckd: INFO: (6004): No diff for file: '/etc/ssl/private.key'
2026/01/13 13:07:25 wazuh-syscheckd: INFO: (6000): Starting daemon...
2026/01/13 13:07:25 wazuh-syscheckd: INFO: (6010): File integrity monitoring scan frequency: 43200 seconds
2026/01/13 13:07:25 wazuh-syscheckd: INFO: (6008): File integrity monitoring scan started.
2026/01/13 13:07:25 wazuh-analysisd: CRITICAL: (1107): Could not create directory 'logs/alerts/2026/' due to [(2)-(No such file or directory)].
2026/01/13 13:07:25 wazuh-syscheckd: ERROR: socketerr (not available).
2026/01/13 13:07:25 rootcheck: ERROR: (1224): Error sending message to queue.
2026/01/13 13:07:25 wazuh-remoted: INFO: Started (pid: 550). Listening on port 1514/TCP (secure).
2026/01/13 13:07:26 wazuh-syscheckd: INFO: (6009): File integrity monitoring scan ended.
2026/01/13 13:07:26 wazuh-syscheckd: ERROR: socketerr (not available).
2026/01/13 13:07:26 wazuh-syscheckd: ERROR: (1224): Error sending message to queue.
2026/01/13 13:07:27 wazuh-monitord: INFO: Started (pid: 597).
2026/01/13 13:07:29 wazuh-modulesd: INFO: Started (pid: 612).
2026/01/13 13:07:29 wazuh-modulesd:ciscat: INFO: Module disabled. Exiting...
2026/01/13 13:07:29 sca: INFO: Module started.
2026/01/13 13:07:29 sca: INFO: Loaded policy '/var/ossec/ruleset/sca/cis_ubuntu20-04.yml'
2026/01/13 13:07:29 wazuh-modulesd:osquery: INFO: Module disabled. Exiting...
2026/01/13 13:07:29 wazuh-modulesd:control: INFO: Starting control thread.
2026/01/13 13:07:29 wazuh-modulesd:task-manager: INFO: (8200): Module Task Manager started.
2026/01/13 13:07:29 wazuh-modulesd:agent-upgrade: INFO: (8153): Module Agent Upgrade started.
2026/01/13 13:07:29 wazuh-modulesd:download: INFO: Module started.
2026/01/13 13:07:29 wazuh-modulesd:database: INFO: Module started.
2026/01/13 13:15:39 wazuh-authd: INFO: (1225): SIGNAL [(1)-(Hangup)] Received. Exit Cleaning...
2026/01/13 13:15:39 wazuh-execd: INFO: (1314): Shutdown received. Deleting responses.
2026/01/13 13:15:39 wazuh-db: INFO: (1225): SIGNAL [(15)-(Terminated)] Received. Exit Cleaning...
2026/01/13 13:15:39 wazuh-execd: INFO: (1225): SIGNAL [(15)-(Terminated)] Received. Exit Cleaning...
2026/01/13 13:15:39 wazuh-db: INFO: (1225): SIGNAL [(1)-(Hangup)] Received. Exit Cleaning...
2026/01/13 13:15:39 wazuh-db: INFO: at run_dealer(): select(): Interrupted system call
2026/01/13 13:15:39 wazuh-authd: INFO: (1225): SIGNAL [(15)-(Terminated)] Received. Exit Cleaning...
2026/01/13 13:15:39 wazuh-syscheckd: INFO: (1756): Shutdown received. Releasing resources.
2026/01/13 13:15:39 wazuh-logcollector: INFO: (1225): SIGNAL [(15)-(Terminated)] Received. Exit Cleaning...
2026/01/13 13:15:39 wazuh-remoted: INFO: (1225): SIGNAL [(15)-(Terminated)] Received. Exit Cleaning...
2026/01/13 13:15:39 wazuh-monitord: INFO: (1225): SIGNAL [(15)-(Terminated)] Received. Exit Cleaning...
2026/01/13 13:15:39 wazuh-syscheckd: INFO: (1225): SIGNAL [(15)-(Terminated)] Received. Exit Cleaning...
2026/01/13 13:15:40 wazuh-authd: INFO: Exiting...
2026/01/13 13:16:04 wazuh-csyslogd: INFO: Remote syslog server not configured. Clean exit.
2026/01/13 13:16:04 wazuh-dbd: INFO: Database not configured. Clean exit.
2026/01/13 13:16:04 wazuh-integratord: INFO: Remote integrations not configured. Clean exit.
2026/01/13 13:16:04 wazuh-agentlessd: INFO: Not configured. Exiting.
2026/01/13 13:16:04 wazuh-authd: INFO: Started (pid: 460).
2026/01/13 13:16:04 wazuh-authd: INFO: Accepting connections on port 1515. No password required.
2026/01/13 13:16:04 wazuh-authd: INFO: Setting network timeout to 1.000000 sec.
2026/01/13 13:16:05 wazuh-db: INFO: Started (pid: 477).
2026/01/13 13:16:05 wazuh-db: INFO: Created Global database backup "backup/db/global.db-backup-2026-01-13-13:16:05.gz"
2026/01/13 13:16:06 wazuh-execd: INFO: Started (pid: 503).
2026/01/13 13:16:07 wazuh-analysisd: INFO: Total rules enabled: '6775'
2026/01/13 13:16:07 wazuh-analysisd: INFO: Started (pid: 518).
2026/01/13 13:16:08 wazuh-analysisd: CRITICAL: (1107): Could not create directory 'logs/alerts/2026/' due to [(2)-(No such file or directory)].
2026/01/13 13:24:16 wazuh-authd: INFO: (1225): SIGNAL [(15)-(Terminated)] Received. Exit Cleaning...
2026/01/13 13:24:16 wazuh-authd: INFO: (1225): SIGNAL [(1)-(Hangup)] Received. Exit Cleaning...
2026/01/13 13:24:16 wazuh-db: INFO: (1225): SIGNAL [(15)-(Terminated)] Received. Exit Cleaning...
2026/01/13 13:24:16 wazuh-db: INFO: (1225): SIGNAL [(1)-(Hangup)] Received. Exit Cleaning...
2026/01/13 13:24:16 wazuh-execd: INFO: (1314): Shutdown received. Deleting responses.
2026/01/13 13:24:16 wazuh-execd: INFO: (1225): SIGNAL [(15)-(Terminated)] Received. Exit Cleaning...
2026/01/13 13:24:16 wazuh-authd: INFO: Exiting...
2026/01/13 13:24:35 wazuh-csyslogd: INFO: Remote syslog server not configured. Clean exit.
2026/01/13 13:24:35 wazuh-dbd: INFO: Database not configured. Clean exit.
2026/01/13 13:24:35 wazuh-integratord: INFO: Remote integrations not configured. Clean exit.
2026/01/13 13:24:36 wazuh-agentlessd: INFO: Not configured. Exiting.
2026/01/13 13:24:36 wazuh-authd: INFO: Started (pid: 459).
2026/01/13 13:24:36 wazuh-authd: INFO: Accepting connections on port 1515. No password required.
2026/01/13 13:24:36 wazuh-authd: INFO: Setting network timeout to 1.000000 sec.
2026/01/13 13:24:37 wazuh-db: INFO: Started (pid: 478).
2026/01/13 13:24:37 wazuh-db: INFO: Created Global database backup "backup/db/global.db-backup-2026-01-13-13:24:37.gz"
2026/01/13 13:24:38 wazuh-execd: INFO: Started (pid: 502).
2026/01/13 13:24:39 wazuh-analysisd: INFO: Total rules enabled: '6775'
2026/01/13 13:24:39 wazuh-analysisd: INFO: Started (pid: 517).
2026/01/13 13:24:39 wazuh-analysisd: CRITICAL: (1107): Could not create directory 'logs/alerts/2026/' due to [(2)-(No such file or directory)].
2026/01/13 13:27:36 wazuh-db: INFO: (1225): SIGNAL [(1)-(Hangup)] Received. Exit Cleaning...
2026/01/13 13:27:36 wazuh-db: INFO: (1225): SIGNAL [(15)-(Terminated)] Received. Exit Cleaning...
2026/01/13 13:27:36 wazuh-execd: INFO: (1314): Shutdown received. Deleting responses.
2026/01/13 13:27:36 wazuh-execd: INFO: (1225): SIGNAL [(15)-(Terminated)] Received. Exit Cleaning...
2026/01/13 13:27:36 wazuh-authd: INFO: (1225): SIGNAL [(15)-(Terminated)] Received. Exit Cleaning...
2026/01/13 13:27:36 wazuh-authd: INFO: (1225): SIGNAL [(1)-(Hangup)] Received. Exit Cleaning...
2026/01/13 13:27:37 wazuh-authd: INFO: Exiting...
2026/01/13 13:28:22 wazuh-csyslogd: INFO: Remote syslog server not configured. Clean exit.
2026/01/13 13:28:22 wazuh-dbd: INFO: Database not configured. Clean exit.
2026/01/13 13:28:22 wazuh-integratord: INFO: Remote integrations not configured. Clean exit.
2026/01/13 13:28:22 wazuh-agentlessd: INFO: Not configured. Exiting.
2026/01/13 13:28:22 wazuh-authd: INFO: Started (pid: 460).
2026/01/13 13:28:22 wazuh-authd: INFO: Accepting connections on port 1515. No password required.
2026/01/13 13:28:22 wazuh-authd: INFO: Setting network timeout to 1.000000 sec.
2026/01/13 13:28:23 wazuh-db: INFO: Started (pid: 479).
2026/01/13 13:28:23 wazuh-db: INFO: Created Global database backup "backup/db/global.db-backup-2026-01-13-13:28:23.gz"
2026/01/13 13:28:24 wazuh-execd: INFO: Started (pid: 504).
2026/01/13 13:28:26 wazuh-analysisd: INFO: Total rules enabled: '6775'
2026/01/13 13:28:26 wazuh-analysisd: INFO: Started (pid: 518).
2026/01/13 13:28:26 wazuh-analysisd: CRITICAL: (1107): Could not create directory 'logs/alerts/2026/' due to [(2)-(No such file or directory)].
2026/01/13 14:29:12 wazuh-authd: INFO: New connection from 172.236.228.229
2026/01/13 14:29:12 wazuh-authd: ERROR: Invalid request for new agent from: 172.236.228.229
2026/01/13 15:32:15 wazuh-authd: INFO: (1225): SIGNAL [(1)-(Hangup)] Received. Exit Cleaning...
2026/01/13 15:32:15 wazuh-db: INFO: (1225): SIGNAL [(1)-(Hangup)] Received. Exit Cleaning...
2026/01/13 15:32:15 wazuh-execd: INFO: (1314): Shutdown received. Deleting responses.
2026/01/13 15:32:15 wazuh-authd: INFO: (1225): SIGNAL [(15)-(Terminated)] Received. Exit Cleaning...
2026/01/13 15:32:15 wazuh-execd: INFO: (1225): SIGNAL [(15)-(Terminated)] Received. Exit Cleaning...
2026/01/13 15:32:15 wazuh-db: INFO: (1225): SIGNAL [(15)-(Terminated)] Received. Exit Cleaning...
2026/01/13 15:32:16 wazuh-authd: INFO: Exiting...
2026/01/13 15:32:32 wazuh-csyslogd: INFO: Remote syslog server not configured. Clean exit.
2026/01/13 15:32:32 wazuh-dbd: INFO: Database not configured. Clean exit.
2026/01/13 15:32:32 wazuh-integratord: INFO: Remote integrations not configured. Clean exit.
2026/01/13 15:32:32 wazuh-agentlessd: INFO: Not configured. Exiting.
2026/01/13 15:32:32 wazuh-authd: INFO: Started (pid: 467).
2026/01/13 15:32:32 wazuh-authd: INFO: Accepting connections on port 1515. No password required.
2026/01/13 15:32:32 wazuh-authd: INFO: Setting network timeout to 1.000000 sec.
2026/01/13 15:32:33 wazuh-db: INFO: Started (pid: 484).
2026/01/13 15:32:33 wazuh-db: INFO: Created Global database backup "backup/db/global.db-backup-2026-01-13-15:32:33.gz"
2026/01/13 15:32:34 wazuh-execd: INFO: Started (pid: 509).
2026/01/13 15:32:36 wazuh-analysisd: INFO: Total rules enabled: '6775'
2026/01/13 15:32:36 wazuh-analysisd: INFO: Started (pid: 525).
2026/01/13 15:32:37 wazuh-analysisd: CRITICAL: (1107): Could not create directory 'logs/alerts/2026/' due to [(2)-(No such file or directory)].
2026/01/13 15:32:38 wazuh-remoted: INFO: Started (pid: 561). Listening on port 1514/TCP (secure).
2026/01/13 15:32:40 wazuh-monitord: INFO: Started (pid: 605).
2026/01/13 15:32:41 wazuh-modulesd: INFO: Started (pid: 617).
2026/01/13 15:32:41 wazuh-modulesd:agent-upgrade: INFO: (8153): Module Agent Upgrade started.
2026/01/13 15:32:41 wazuh-modulesd:osquery: INFO: Module disabled. Exiting...
2026/01/13 15:32:41 wazuh-modulesd:ciscat: INFO: Module disabled. Exiting...
2026/01/13 15:32:41 sca: INFO: Module started.
2026/01/13 15:32:41 sca: INFO: Loaded policy '/var/ossec/ruleset/sca/cis_ubuntu20-04.yml'
2026/01/13 15:32:41 wazuh-modulesd:task-manager: INFO: (8200): Module Task Manager started.
2026/01/13 15:32:41 wazuh-modulesd:database: INFO: Module started.
2026/01/13 15:32:41 wazuh-modulesd:download: INFO: Module started.
2026/01/13 15:32:41 wazuh-modulesd:control: INFO: Starting control thread.
2026/01/13 15:38:54 wazuh-db: INFO: (1225): SIGNAL [(1)-(Hangup)] Received. Exit Cleaning...
2026/01/13 15:38:54 wazuh-authd: INFO: (1225): SIGNAL [(1)-(Hangup)] Received. Exit Cleaning...
2026/01/13 15:38:54 wazuh-authd: INFO: (1225): SIGNAL [(15)-(Terminated)] Received. Exit Cleaning...
2026/01/13 15:38:54 wazuh-execd: INFO: (1314): Shutdown received. Deleting responses.
2026/01/13 15:38:54 wazuh-execd: INFO: (1225): SIGNAL [(15)-(Terminated)] Received. Exit Cleaning...
2026/01/13 15:38:54 wazuh-db: INFO: (1225): SIGNAL [(15)-(Terminated)] Received. Exit Cleaning...
2026/01/13 15:38:54 wazuh-logcollector: INFO: (1225): SIGNAL [(15)-(Terminated)] Received. Exit Cleaning...
2026/01/13 15:38:54 wazuh-syscheckd: INFO: (1756): Shutdown received. Releasing resources.
2026/01/13 15:38:54 wazuh-remoted: INFO: (1225): SIGNAL [(15)-(Terminated)] Received. Exit Cleaning...
2026/01/13 15:38:54 wazuh-syscheckd: INFO: (1225): SIGNAL [(15)-(Terminated)] Received. Exit Cleaning...
2026/01/13 15:38:54 wazuh-monitord: INFO: (1225): SIGNAL [(15)-(Terminated)] Received. Exit Cleaning...
2026/01/13 15:38:55 wazuh-authd: INFO: Exiting...
